<?xml version="1.0" encoding="UTF-8"?>
<!-- Generated by org.testng.reporters.JUnitXMLReporter -->
<testsuite ignored="0" hostname="LAPTOP-1S7KVVBR" failures="1" tests="5" name="Test" time="0.695" errors="0" timestamp="2024-05-30T21:18:39 IST">
  <testcase classname="pages.Testcase" name="@BeforeSuite setup" time="10.387">
    <failure type="java.lang.NullPointerException" message="Cannot invoke &amp;quot;org.openqa.selenium.WebDriver.manage()&amp;quot; because &amp;quot;this.driver&amp;quot; is null">
      <![CDATA[java.lang.NullPointerException: Cannot invoke "org.openqa.selenium.WebDriver.manage()" because "this.driver" is null
at pages.Testcase.setup(Testcase.java:29)
... Removed 19 stack frames]]>
    </failure>
  </testcase> <!-- @BeforeSuite setup -->
  <testcase classname="pages.Testcase2" name="@BeforeSuite setup" time="0.001">
    <failure type="java.lang.NullPointerException" message="Cannot invoke &amp;quot;org.openqa.selenium.WebDriver.manage()&amp;quot; because &amp;quot;this.driver&amp;quot; is null">
      <![CDATA[java.lang.NullPointerException: Cannot invoke "org.openqa.selenium.WebDriver.manage()" because "this.driver" is null
at pages.Testcase2.setup(Testcase2.java:23)
... Removed 19 stack frames]]>
    </failure>
  </testcase> <!-- @BeforeSuite setup -->
  <testcase classname="pages.Testcase3" name="@BeforeSuite setup" time="0.001">
    <failure type="java.lang.NullPointerException" message="Cannot invoke &amp;quot;org.openqa.selenium.WebDriver.manage()&amp;quot; because &amp;quot;this.driver&amp;quot; is null">
      <![CDATA[java.lang.NullPointerException: Cannot invoke "org.openqa.selenium.WebDriver.manage()" because "this.driver" is null
at pages.Testcase3.setup(Testcase3.java:26)
... Removed 19 stack frames]]>
    </failure>
  </testcase> <!-- @BeforeSuite setup -->
  <testcase classname="pages.Testcase" name="Testcase01" time="0.0">
    <skipped/>
  </testcase> <!-- Testcase01 -->
  <testcase classname="pages.Testcase2" name="Testcase02" time="0.001">
    <skipped/>
  </testcase> <!-- Testcase02 -->
  <testcase classname="pages.Testcase3" name="Testcase03" time="0.632">
    <failure type="org.testng.internal.reflect.MethodMatcherException" message="
[public void pages.Testcase3.Testcase03(java.lang.String,java.lang.String,java.lang.String,java.lang.String,java.lang.String,java.lang.String,java.lang.String) throws java.lang.InterruptedException] has no parameters defined but was found to be using a data provider (either explicitly specified or inherited from class level annotation).
Data provider mismatch
Method: Testcase03([java.lang.String arg0, java.lang.String arg1, java.lang.String arg2, java.lang.String arg3, java.lang.String arg4, java.lang.String arg5, java.lang.String arg6])
Arguments: [(java.lang.String) 5bbfaa4d-bb7e-4558-b976-e28f18b2c2e6_1.0,(java.lang.String) TC3_1@gmaill.com,(java.lang.String) abc@123,(java.lang.String) Bengaluru,(java.lang.String) Niaboytown,(java.lang.String) palam,(java.lang.String) 16-11-2025,(java.lang.String) 2]">
      <![CDATA[org.testng.internal.reflect.MethodMatcherException: 
[public void pages.Testcase3.Testcase03(java.lang.String,java.lang.String,java.lang.String,java.lang.String,java.lang.String,java.lang.String,java.lang.String) throws java.lang.InterruptedException] has no parameters defined but was found to be using a data provider (either explicitly specified or inherited from class level annotation).
Data provider mismatch
Method: Testcase03([java.lang.String arg0, java.lang.String arg1, java.lang.String arg2, java.lang.String arg3, java.lang.String arg4, java.lang.String arg5, java.lang.String arg6])
Arguments: [(java.lang.String) 5bbfaa4d-bb7e-4558-b976-e28f18b2c2e6_1.0,(java.lang.String) TC3_1@gmaill.com,(java.lang.String) abc@123,(java.lang.String) Bengaluru,(java.lang.String) Niaboytown,(java.lang.String) palam,(java.lang.String) 16-11-2025,(java.lang.String) 2]
at java.base/java.util.ArrayList.forEach(ArrayList.java:1511)
... Removed 22 stack frames]]>
    </failure>
  </testcase> <!-- Testcase03 -->
  <testcase classname="pages.Testcase4" name="Testcase04" time="0.0">
    <skipped/>
  </testcase> <!-- Testcase04 -->
  <testcase classname="pages.Testcase4" name="Testcase04" time="0.0">
    <skipped/>
  </testcase> <!-- Testcase04 -->
</testsuite> <!-- Test -->
