<?xml version="1.0" encoding="UTF-8"?>
<testng-results ignored="0" total="1" passed="1" failed="0" skipped="0">
  <reporter-output>
  </reporter-output>
  <suite started-at="2025-03-13T13:46:41 IST" name="Flight Suite" finished-at="2025-03-13T13:46:50 IST" duration-ms="8652">
    <groups>
    </groups>
    <test started-at="2025-03-13T13:46:41 IST" name="Flight Search Test" finished-at="2025-03-13T13:46:50 IST" duration-ms="8652">
      <class name="Tests.Testcase">
        <test-method is-config="true" signature="setup(org.testng.ITestContext)[pri:0, instance:Tests.Testcase@4c583ecf]" started-at="2025-03-13T13:46:42 IST" name="setup" finished-at="2025-03-13T13:46:46 IST" duration-ms="3936" status="PASS">
          <params>
            <param index="0">
              <value>
                <![CDATA[org.testng.TestRunner@388623ad]]>
              </value>
            </param>
          </params>
          <reporter-output>
          </reporter-output>
        </test-method> <!-- setup -->
        <test-method signature="testFlightBooking(java.lang.String,java.lang.String)[pri:0, instance:Tests.Testcase@4c583ecf]" started-at="2025-03-13T13:46:46 IST" name="testFlightBooking" data-provider="testdata" finished-at="2025-03-13T13:46:49 IST" duration-ms="3337" status="PASS">
          <params>
            <param index="0">
              <value>
                <![CDATA[Mexico City]]>
              </value>
            </param>
            <param index="1">
              <value>
                <![CDATA[London]]>
              </value>
            </param>
          </params>
          <reporter-output>
          </reporter-output>
        </test-method> <!-- testFlightBooking -->
        <test-method is-config="true" signature="teardown()[pri:0, instance:Tests.Testcase@4c583ecf]" started-at="2025-03-13T13:46:49 IST" name="teardown" finished-at="2025-03-13T13:46:50 IST" duration-ms="750" status="PASS">
          <reporter-output>
          </reporter-output>
        </test-method> <!-- teardown -->
      </class> <!-- Tests.Testcase -->
    </test> <!-- Flight Search Test -->
  </suite> <!-- Flight Suite -->
</testng-results>
