<?xml version="1.0" encoding="UTF-8"?>
<!-- Generated by org.testng.reporters.JUnitXMLReporter -->
<testsuite ignored="0" hostname="LAPTOP-1S7KVVBR" failures="1" tests="1" name="Flight Search Test" time="0.04" errors="0" timestamp="2025-03-13T14:07:06 IST">
  <testcase classname="Tests.Testcase" name="testFlightBooking" time="0.0">
    <failure type="java.lang.RuntimeException" message="java.io.FileNotFoundException: C:\Users\heman\eclipse-workspace\Selenium_maven2\src\test\resources\Excel\Book1.xlsx (The system cannot find the path specified)">
      <![CDATA[java.lang.RuntimeException: java.io.FileNotFoundException: C:\Users\heman\eclipse-workspace\Selenium_maven2\src\test\resources\Excel\Book1.xlsx (The system cannot find the path specified)
at java.base/java.util.ArrayList.forEach(ArrayList.java:1511)
Caused by: java.io.FileNotFoundException: C:\Users\heman\eclipse-workspace\Selenium_maven2\src\test\resources\Excel\Book1.xlsx (The system cannot find the path specified)
at java.base/java.io.FileInputStream.open0(Native Method)
at java.base/java.io.FileInputStream.open(FileInputStream.java:216)
at java.base/java.io.FileInputStream.<init>(FileInputStream.java:157)
at Tests.ExcelReading.readExcelData(ExcelReading.java:19)
... 25 more
... Removed 32 stack frames]]>
    </failure>
  </testcase> <!-- testFlightBooking -->
</testsuite> <!-- Flight Search Test -->
